{
  message: 'Database is Connected successfully',
  level: 'info',
  label: 'right new!',
  timestamp: '2023-06-13T11:42:08.275Z'
}
{
  message: 'Example app listening on port 5000',
  level: 'info',
  label: 'right new!',
  timestamp: '2023-06-13T11:42:08.286Z'
}
{
  message: 'Database is Connected successfully',
  level: 'info',
  label: 'right new!',
  timestamp: '2023-06-13T11:45:41.375Z'
}
{
  message: 'Example app listening on port 5000',
  level: 'info',
  label: 'right new!',
  timestamp: '2023-06-13T11:45:41.381Z'
}
{
  message: 'Database is Connected successfully',
  level: 'info',
  label: 'right new!',
  timestamp: '2023-06-13T11:46:09.227Z'
}
{
  message: 'Example app listening on port 5000',
  level: 'info',
  label: 'right new!',
  timestamp: '2023-06-13T11:46:09.242Z'
}
